*** Transformation "Default" started at May 01 16:45:21

Transformation Module States:
-----------------------------

Initialize Module "Action List Generator" [standard transformation]
	Status : OK
Initialize Module "Action List Runner" [actionlist]
	Status : OK
Initialize Module "Action List Runner" [PVSCL Transformation Module]
	Status : OK
Run Module "Action List Generator" [standard transformation]
	Status : OK
Run Module "Action List Runner" [actionlist]
	Status : OK
Run Module "Action List Runner" [PVSCL Transformation Module]
	Status : OK
Cleanup Module "Action List Generator" [standard transformation]
	Status : OK
Cleanup Module "Action List Runner" [actionlist]
	Status : OK
Cleanup Module "Action List Runner" [PVSCL Transformation Module]
	Status : OK

*** Transformation "Default" finished at May 01 16:45:22

Transformation Module Logs:
---------------------------

