*** Transformation "Default" started at Apr 29 20:58:39

Transformation Module States:
-----------------------------

Initialize Module "Enterprise Architect Module" [Enterprise Architect Module]
	Status : OK
Run Module "Enterprise Architect Module" [Enterprise Architect Module]
	Status : OK
Cleanup Module "Enterprise Architect Module" [Enterprise Architect Module]
	Status : OK

*** Transformation "Default" finished at Apr 29 21:00:41

Transformation Module Logs:
---------------------------

*** Module "Enterprise Architect Module" [Enterprise Architect Module] ***

Apr 29, 2017 8:58:40 PM starting pure::variants transformation log (Version 4.0.5.685)
Input=
\\ISSBOR2604\Users\e0015370\Downloads\VMCS\VMCS PureVariant\input\VMCS.eap
Output= \\ISSBOR2604\Users\e0015370\Downloads\VMCS\VMCS PureVariant\output\VMCSAdvancedChinese\VMCS.eap
VRM= C:\Users\e0013344\AppData\Local\Temp\TransformTmp69\VMCSAdvancedChinese.vrm
Deleting constraint "MemberAccount"
Deleting constraint "Membership"
Deleting constraint "Membership"
Deleting method constraint
Deleting constraint "Membership"
Deleting method constraint
Deleting method
Deleting method constraint
Deleting method
Deleting method constraint
Deleting method constraint
Deleting method
Deleting element constraint
finished
Removing p::v model information from EA project
Transformation finished


