*** Transformation "Default" started at May 01 17:30:34

Transformation Module States:
-----------------------------

Initialize Module "Enterprise Architect Module" [Enterprise Architect Module]
	Status : OK
Run Module "Enterprise Architect Module" [Enterprise Architect Module]
	Status : OK
Cleanup Module "Enterprise Architect Module" [Enterprise Architect Module]
	Status : OK

*** Transformation "Default" finished at May 01 17:33:06

Transformation Module Logs:
---------------------------

*** Module "Enterprise Architect Module" [Enterprise Architect Module] ***

May 1, 2017 5:30:35 PM starting pure::variants transformation log (Version 4.0.5.685)
Input=
C:\Users\e0015370\Downloads\VMCS\VMCS PureVariant\input\VMCS.eap
Output= C:\Users\e0015370\Downloads\VMCS\VMCS PureVariant\output\VMCSAdvanced\VMCS.eap
VRM= C:\Users\e0015370\AppData\Local\Temp\TransformTmp6048\VMCSAdvanced.vrm
Deleting constraint "MemberAccount"
Deleting constraint "Membership"
Deleting constraint "Membership"
Deleting method constraint
Deleting constraint "Membership"
Deleting method constraint
Deleting method
Deleting method constraint
Deleting method
Deleting method constraint
Deleting method constraint
Deleting method
Deleting element constraint
finished
Removing p::v model information from EA project
Transformation finished


